0 info it worked if it ends with ok
1 verbose cli [ '/usr/local/bin/node', '/usr/local/bin/npm', 'run', 'build' ]
2 info using npm@4.1.2
3 info using node@v8.6.0
4 verbose run-script [ 'prebuild', 'build', 'postbuild' ]
5 info lifecycle wonder-reason-test@1.0.0~prebuild: wonder-reason-test@1.0.0
6 silly lifecycle wonder-reason-test@1.0.0~prebuild: no script for prebuild, continuing
7 info lifecycle wonder-reason-test@1.0.0~build: wonder-reason-test@1.0.0
8 verbose lifecycle wonder-reason-test@1.0.0~build: unsafe-perm in lifecycle true
9 verbose lifecycle wonder-reason-test@1.0.0~build: PATH: /usr/local/lib/node_modules/npm/bin/node-gyp-bin:/home/arvin/yangHao/learnReason/node_modules/.bin:/home/arvin/bin:/home/arvin/.local/bin:/home/arvin/bin:/home/arvin/.local/bin:/usr/local/sbin:/usr/local/bin:/usr/sbin:/usr/bin:/sbin:/bin:/usr/games:/usr/local/games:/snap/bin:/snap/bin
10 verbose lifecycle wonder-reason-test@1.0.0~build: CWD: /home/arvin/yangHao/learnReason
11 silly lifecycle wonder-reason-test@1.0.0~build: Args: [ '-c', 'bsb -clean-world -make-world' ]
12 silly lifecycle wonder-reason-test@1.0.0~build: Returned: code: 2  signal: null
13 info lifecycle wonder-reason-test@1.0.0~build: Failed to exec build script
14 verbose stack Error: wonder-reason-test@1.0.0 build: `bsb -clean-world -make-world`
14 verbose stack Exit status 2
14 verbose stack     at EventEmitter.<anonymous> (/usr/local/lib/node_modules/npm/lib/utils/lifecycle.js:279:16)
14 verbose stack     at emitTwo (events.js:125:13)
14 verbose stack     at EventEmitter.emit (events.js:213:7)
14 verbose stack     at ChildProcess.<anonymous> (/usr/local/lib/node_modules/npm/lib/utils/spawn.js:40:14)
14 verbose stack     at emitTwo (events.js:125:13)
14 verbose stack     at ChildProcess.emit (events.js:213:7)
14 verbose stack     at maybeClose (internal/child_process.js:927:16)
14 verbose stack     at Process.ChildProcess._handle.onexit (internal/child_process.js:211:5)
15 verbose pkgid wonder-reason-test@1.0.0
16 verbose cwd /home/arvin/yangHao/learnReason
17 error Linux 4.10.0-37-generic
18 error argv "/usr/local/bin/node" "/usr/local/bin/npm" "run" "build"
19 error node v8.6.0
20 error npm  v4.1.2
21 error code ELIFECYCLE
22 error wonder-reason-test@1.0.0 build: `bsb -clean-world -make-world`
22 error Exit status 2
23 error Failed at the wonder-reason-test@1.0.0 build script 'bsb -clean-world -make-world'.
23 error Make sure you have the latest version of node.js and npm installed.
23 error If you do, this is most likely a problem with the wonder-reason-test package,
23 error not with npm itself.
23 error Tell the author that this fails on your system:
23 error     bsb -clean-world -make-world
23 error You can get information on how to open an issue for this project with:
23 error     npm bugs wonder-reason-test
23 error Or if that isn't available, you can get their info via:
23 error     npm owner ls wonder-reason-test
23 error There is likely additional logging output above.
24 verbose exit [ 1, true ]
